Zone Vnum List
**************

0       - Limbo - Internal              54      - New Thalos
9       - The River Island              55      - New Thalos
12      - God Simplex                   56      - New Thalos Wilderness
15      - The Straight Path             60      - Haon-Dor-Light Forest
25      - High Tower Of Sorcery         61      - Haon-Dor-Dark Forest
26      - High Tower Of Sorcery         62      - Orc Enclave
30      - Midgaard City                 63      - Arachnos
31      - Midgaard City                 64      - Rand's Tower
32      - Midgaard River                65      - Dwarven Kingdom
33      - Three Of Swords               70      - Sewers
35      - Miden'nir                     71      - Sewers
36      - Chessboard                    72      - Sewers
40      - Moria                         73      - Sewers
41      - Moria                         79      - Redferne's Residence	
50      - Great Eastern Desert 	    99      - Newbie Area
51      - Drow City			    120     - Rome
52      - Old Thalos 			    150     - King Welmar's Castle
53      - Great Pyramid                 186     - Newbie Zone
						    187     - Temple of Sorts
               

